<?xml version="1.0" encoding="UTF-8"?>
<!-- Generated by org.testng.reporters.JUnitReportReporter -->
<testsuite hostname="LAPTOP-2QICDJTA" failures="0" tests="3" name="TestCases" time="27.373" errors="0" timestamp="2023-08-17T22:38:09 AEST" skipped="0">
  <testcase classname="TestCases" name="test1" time="11.192"/>
  <system-out/>
  <testcase classname="TestCases" name="test2" time="6.568"/>
  <system-out/>
  <testcase classname="TestCases" name="test3" time="9.613"/>
  <system-out/>
</testsuite> <!-- TestCases -->
