<?xml version="1.0" encoding="UTF-8"?>
<!-- Generated by org.testng.reporters.JUnitReportReporter -->
<testsuite hostname="LAPTOP-2QICDJTA" failures="0" tests="3" name="TestCases" time="24.068" errors="0" timestamp="2023-08-17T22:40:15 AEST" skipped="0">
  <testcase classname="TestCases" name="test1" time="7.646"/>
  <system-out/>
  <testcase classname="TestCases" name="test2" time="6.929"/>
  <system-out/>
  <testcase classname="TestCases" name="test3" time="9.493"/>
  <system-out/>
</testsuite> <!-- TestCases -->
